{"level":"debug","message":"Marketplace service started","module":"marketplace","timestamp":"2026-07-12T07:08:03.378Z"}
{"level":"debug","message":"Call service started","module":"calls","timestamp":"2026-07-12T07:08:03.380Z"}
{"level":"debug","message":"Player Service started","module":"player","timestamp":"2026-07-12T07:08:03.380Z"}
{"level":"info","message":"Loading NPWD Standalone","timestamp":"2026-07-12T07:08:03.381Z"}
{"level":"debug","message":"Boot service started","module":"boot","timestamp":"2026-07-12T07:08:03.381Z"}
{"level":"debug","message":"Messages service started","module":"messages","timestamp":"2026-07-12T07:08:03.381Z"}
{"level":"debug","message":"Notes service started","module":"notes","timestamp":"2026-07-12T07:08:03.381Z"}
{"level":"debug","message":"Contacts service started","module":"contact","timestamp":"2026-07-12T07:08:03.381Z"}
{"level":"debug","message":"Photo service started","module":"photo","timestamp":"2026-07-12T07:08:03.395Z"}
{"level":"debug","message":"Twitter service started","module":"twitter","timestamp":"2026-07-12T07:08:03.395Z"}
{"level":"debug","message":"Match service started","module":"match","timestamp":"2026-07-12T07:08:03.396Z"}
{"level":"debug","message":"Beginning database schema validation","module":"boot","timestamp":"2026-07-12T07:08:03.521Z"}
{"level":"info","message":"Successfully started","timestamp":"2026-07-12T07:08:03.531Z"}
{"level":"info","message":"Executed query (SELECT COUNT(*) as count\n                       FROM information_schema.tables\n                       WHERE table_schema = ?\n                         AND table_name = ? [\"ox_core_533CCB\",\"characters\"]) in 107.5152ms'","module":"DBInterface","timestamp":"2026-07-12T07:08:03.630Z"}
{"level":"info","message":"Executed query (SHOW COLUMNS IN characters []) in 15.6934ms'","module":"DBInterface","timestamp":"2026-07-12T07:08:03.646Z"}
{"level":"debug","message":"Database schema successfully validated","module":"boot","timestamp":"2026-07-12T07:08:03.646Z"}
{"level":"debug","message":"Marketplace service started","module":"marketplace","timestamp":"2026-07-12T07:08:52.823Z"}
{"level":"debug","message":"Call service started","module":"calls","timestamp":"2026-07-12T07:08:52.824Z"}
{"level":"debug","message":"Player Service started","module":"player","timestamp":"2026-07-12T07:08:52.824Z"}
{"level":"info","message":"Loading NPWD Standalone","timestamp":"2026-07-12T07:08:52.824Z"}
{"level":"debug","message":"Boot service started","module":"boot","timestamp":"2026-07-12T07:08:52.825Z"}
{"level":"debug","message":"Messages service started","module":"messages","timestamp":"2026-07-12T07:08:52.825Z"}
{"level":"debug","message":"Notes service started","module":"notes","timestamp":"2026-07-12T07:08:52.825Z"}
{"level":"debug","message":"Contacts service started","module":"contact","timestamp":"2026-07-12T07:08:52.825Z"}
{"level":"debug","message":"Photo service started","module":"photo","timestamp":"2026-07-12T07:08:52.839Z"}
{"level":"debug","message":"Twitter service started","module":"twitter","timestamp":"2026-07-12T07:08:52.839Z"}
{"level":"debug","message":"Match service started","module":"match","timestamp":"2026-07-12T07:08:52.840Z"}
{"level":"debug","message":"Beginning database schema validation","module":"boot","timestamp":"2026-07-12T07:08:52.941Z"}
{"level":"info","message":"Successfully started","timestamp":"2026-07-12T07:08:52.950Z"}
{"level":"info","message":"Executed query (SELECT COUNT(*) as count\n                       FROM information_schema.tables\n                       WHERE table_schema = ?\n                         AND table_name = ? [\"ox_core_533CCB\",\"characters\"]) in 127.8767ms'","module":"DBInterface","timestamp":"2026-07-12T07:08:53.070Z"}
{"level":"info","message":"Executed query (SHOW COLUMNS IN characters []) in 41.2834ms'","module":"DBInterface","timestamp":"2026-07-12T07:08:53.111Z"}
{"level":"debug","message":"Database schema successfully validated","module":"boot","timestamp":"2026-07-12T07:08:53.112Z"}
{"level":"info","message":"Executed query (SELECT EXISTS(SELECT * FROM characters WHERE phoneNumber = ?) [\"220-214-3519\"]) in 2.0598ms'","module":"DBInterface","timestamp":"2026-07-12T07:09:42.171Z"}
{"level":"debug","message":"[generatePhoneNumber] 220-214-3519","module":"bridge","timestamp":"2026-07-12T07:09:42.171Z"}
{"level":"info","message":"New NPWD Player added through event (1) (1)","module":"player","timestamp":"2026-07-12T07:09:42.180Z"}
{"level":"debug","message":{"_firstname":"Joe","_identifier":"1","_lastname":"Mustang","_phoneNumber":"220-214-3519","source":1,"username":"LazyBat9365"},"module":"player","timestamp":"2026-07-12T07:09:42.180Z"}
{"level":"silly","message":"netPromise > npwd:fetchTweets > RequestObj","module":"events","timestamp":"2026-07-12T07:09:42.316Z"}
{"level":"silly","message":{"data":{"pageId":0},"source":1},"module":"events","timestamp":"2026-07-12T07:09:42.317Z"}
{"level":"info","message":"Executed query (\n        SELECT *\n        FROM npwd_twitter_profiles\n        WHERE identifier = ?\n        LIMIT 1\n\t\t [\"1\"]) in 2.4365ms'","module":"DBInterface","timestamp":"2026-07-12T07:09:42.320Z"}
{"level":"warn","message":"Aborted fetching tweets for user 1 because they do not have a profile.","module":"twitter","timestamp":"2026-07-12T07:09:42.320Z"}
{"level":"silly","message":"Response Promise Event npwd:fetchTweets:10108c86-2c5b-47a2-b126-b4833e1ba98a (3.8997ms), Data >>","module":"events","timestamp":"2026-07-12T07:09:42.320Z"}
{"level":"silly","message":{"data":[],"status":"ok"},"module":"events","timestamp":"2026-07-12T07:09:42.320Z"}
{"level":"silly","message":"netPromise > npwd:getOrCreateTwitterProfile > RequestObj","module":"events","timestamp":"2026-07-12T07:09:42.417Z"}
{"level":"silly","message":{"data":null,"source":1},"module":"events","timestamp":"2026-07-12T07:09:42.417Z"}
{"level":"silly","message":"netPromise > phone:getMyProfile > RequestObj","module":"events","timestamp":"2026-07-12T07:09:42.417Z"}
{"level":"silly","message":{"data":null,"source":1},"module":"events","timestamp":"2026-07-12T07:09:42.417Z"}
{"level":"silly","message":"netPromise > npwd:fetchMessageGroups > RequestObj","module":"events","timestamp":"2026-07-12T07:09:42.418Z"}
{"level":"silly","message":{"data":null,"source":1},"module":"events","timestamp":"2026-07-12T07:09:42.418Z"}
{"level":"silly","message":"netPromise > npwd-contact-getAll > RequestObj","module":"events","timestamp":"2026-07-12T07:09:42.420Z"}
{"level":"silly","message":{"data":null,"source":1},"module":"events","timestamp":"2026-07-12T07:09:42.420Z"}
{"level":"info","message":"Executed query (\n        SELECT *\n        FROM npwd_twitter_profiles\n        WHERE identifier = ?\n        LIMIT 1\n\t\t [\"1\"]) in 4.9842ms'","module":"DBInterface","timestamp":"2026-07-12T07:09:42.422Z"}
{"level":"info","message":"Creating default Twitter profile Joe_Mustang for 1","module":"twitter","timestamp":"2026-07-12T07:09:42.423Z"}
{"level":"info","message":"Executed query (SELECT * FROM npwd_phone_contacts WHERE identifier = ? ORDER BY display ASC [\"1\"]) in 7.0615ms'","module":"DBInterface","timestamp":"2026-07-12T07:09:42.427Z"}
{"level":"silly","message":"Response Promise Event npwd-contact-getAll:17439ea1-24f7-468c-a6bd-dc3ac477841e (7.4407ms), Data >>","module":"events","timestamp":"2026-07-12T07:09:42.427Z"}
{"level":"info","message":"Executed query (\n        SELECT *,\n               UNIX_TIMESTAMP(updatedAt) AS lastActive\n        FROM npwd_match_profiles\n        WHERE identifier = ?\n        LIMIT 1\n\t\t [\"1\"]) in 10.0681ms'","module":"DBInterface","timestamp":"2026-07-12T07:09:42.428Z"}
{"level":"silly","message":{"data":[],"status":"ok"},"module":"events","timestamp":"2026-07-12T07:09:42.427Z"}
{"level":"info","message":"Creating default match profile Joe Mustang for 1","module":"match","timestamp":"2026-07-12T07:09:42.428Z"}
{"level":"info","message":"Executed query (SELECT npwd_messages_conversations.id,\n                          npwd_messages_conversations.conversation_list         as conversationList,\n                          npwd_messages_participants.unread_count               as unreadCount,\n                          npwd_messages_conversations.is_group_chat             as isGroupChat,\n                          npwd_messages_conversations.label,\n                          UNIX_TIMESTAMP(npwd_messages_conversations.updatedAt) as updatedAt,\n                          npwd_messages_participants.participant\n                   FROM npwd_messages_conversations\n                            INNER JOIN npwd_messages_participants\n                                       on npwd_messages_conversations.id = npwd_messages_participants.conversation_id\n                   WHERE npwd_messages_participants.participant = ? [\"220-214-3519\"]) in 10.8774ms'","module":"DBInterface","timestamp":"2026-07-12T07:09:42.429Z"}
{"level":"silly","message":"Response Promise Event npwd:fetchMessageGroups:fbf09258-091c-48b0-baca-83d52d94f204 (11.241ms), Data >>","module":"events","timestamp":"2026-07-12T07:09:42.430Z"}
{"level":"silly","message":{"data":[],"status":"ok"},"module":"events","timestamp":"2026-07-12T07:09:42.430Z"}
{"level":"info","message":"Executed query (\n        SELECT *\n        FROM npwd_twitter_profiles\n        WHERE identifier = ?\n        LIMIT 1\n\t\t [\"1\"]) in 1.6313ms'","module":"DBInterface","timestamp":"2026-07-12T07:09:42.430Z"}
{"level":"silly","message":"Response Promise Event npwd:getOrCreateTwitterProfile:7c8acecc-46e4-48c2-a866-59d511b96391 (13.5498ms), Data >>","module":"events","timestamp":"2026-07-12T07:09:42.430Z"}
{"level":"silly","message":{"data":{"avatar_url":"https://i.fivemanage.com/images/3ClWwmpwkFhL.png","createdAt":"2026-07-12T07:09:42.000Z","id":1,"identifier":"1","profile_name":"Joe_Mustang","updatedAt":"2026-07-12T07:09:42.000Z"},"status":"ok"},"module":"events","timestamp":"2026-07-12T07:09:42.430Z"}
{"level":"info","message":"Executed query (\n        SELECT *,\n               UNIX_TIMESTAMP(updatedAt) AS lastActive\n        FROM npwd_match_profiles\n        WHERE identifier = ?\n        LIMIT 1\n\t\t [\"1\"]) in 0.5161ms'","module":"DBInterface","timestamp":"2026-07-12T07:09:42.431Z"}
{"level":"silly","message":"Response Promise Event phone:getMyProfile:a4c3cf35-12bc-4651-983c-05cf5064ed28 (14.8604ms), Data >>","module":"events","timestamp":"2026-07-12T07:09:42.432Z"}
{"level":"silly","message":{"data":{"bio":"","createdAt":"2026-07-12T07:09:42.000Z","id":1,"identifier":"1","image":"https://upload.wikimedia.org/wikipedia/commons/a/ac/No_image_available.svg","job":"","lastActive":1783840182,"lastActiveFormatted":"Sun, 12 Jul 2026 07:09:42 GMT","location":"","name":"Joe Mustang","tagList":[],"tags":"","updatedAt":"2026-07-12T07:09:42.000Z","viewed":false,"voiceMessage":null},"status":"ok"},"module":"events","timestamp":"2026-07-12T07:09:42.433Z"}
{"level":"info","message":"Executed query (SELECT id FROM npwd_marketplace_listings WHERE identifier = ? [\"1\"]) in 4.6345ms'","module":"DBInterface","timestamp":"2026-07-12T07:11:44.443Z"}
{"level":"info","message":"Executed query (DELETE FROM npwd_marketplace_listings WHERE identifier = ? AND reported = 0 [\"1\"]) in 0.9819ms'","module":"DBInterface","timestamp":"2026-07-12T07:11:44.444Z"}
{"level":"info","message":"Unloaded NPWD Player, source: (1)","module":"player","timestamp":"2026-07-12T07:11:44.444Z"}
{"level":"debug","message":"Marketplace service started","module":"marketplace","timestamp":"2026-07-12T07:11:51.752Z"}
{"level":"debug","message":"Call service started","module":"calls","timestamp":"2026-07-12T07:11:51.754Z"}
{"level":"debug","message":"Player Service started","module":"player","timestamp":"2026-07-12T07:11:51.754Z"}
{"level":"info","message":"Loading NPWD Standalone","timestamp":"2026-07-12T07:11:51.754Z"}
{"level":"debug","message":"Boot service started","module":"boot","timestamp":"2026-07-12T07:11:51.754Z"}
{"level":"debug","message":"Messages service started","module":"messages","timestamp":"2026-07-12T07:11:51.755Z"}
{"level":"debug","message":"Notes service started","module":"notes","timestamp":"2026-07-12T07:11:51.755Z"}
{"level":"debug","message":"Contacts service started","module":"contact","timestamp":"2026-07-12T07:11:51.755Z"}
{"level":"debug","message":"Photo service started","module":"photo","timestamp":"2026-07-12T07:11:51.771Z"}
{"level":"debug","message":"Twitter service started","module":"twitter","timestamp":"2026-07-12T07:11:51.772Z"}
{"level":"debug","message":"Match service started","module":"match","timestamp":"2026-07-12T07:11:51.772Z"}
{"level":"debug","message":"Beginning database schema validation","module":"boot","timestamp":"2026-07-12T07:11:51.889Z"}
{"level":"info","message":"Successfully started","timestamp":"2026-07-12T07:11:51.899Z"}
{"level":"info","message":"Executed query (SELECT COUNT(*) as count\n                       FROM information_schema.tables\n                       WHERE table_schema = ?\n                         AND table_name = ? [\"ox_core_533CCB\",\"characters\"]) in 73.4182ms'","module":"DBInterface","timestamp":"2026-07-12T07:11:51.963Z"}
{"level":"info","message":"Executed query (SHOW COLUMNS IN characters []) in 67.5753ms'","module":"DBInterface","timestamp":"2026-07-12T07:11:52.031Z"}
{"level":"debug","message":"Database schema successfully validated","module":"boot","timestamp":"2026-07-12T07:11:52.031Z"}
{"level":"debug","message":"Marketplace service started","module":"marketplace","timestamp":"2026-07-12T17:03:31.776Z"}
{"level":"debug","message":"Call service started","module":"calls","timestamp":"2026-07-12T17:03:31.777Z"}
{"level":"debug","message":"Player Service started","module":"player","timestamp":"2026-07-12T17:03:31.778Z"}
{"level":"info","message":"Loading NPWD Standalone","timestamp":"2026-07-12T17:03:31.778Z"}
{"level":"debug","message":"Boot service started","module":"boot","timestamp":"2026-07-12T17:03:31.778Z"}
{"level":"debug","message":"Messages service started","module":"messages","timestamp":"2026-07-12T17:03:31.778Z"}
{"level":"debug","message":"Notes service started","module":"notes","timestamp":"2026-07-12T17:03:31.779Z"}
{"level":"debug","message":"Contacts service started","module":"contact","timestamp":"2026-07-12T17:03:31.779Z"}
{"level":"debug","message":"Photo service started","module":"photo","timestamp":"2026-07-12T17:03:31.792Z"}
{"level":"debug","message":"Twitter service started","module":"twitter","timestamp":"2026-07-12T17:03:31.793Z"}
{"level":"debug","message":"Match service started","module":"match","timestamp":"2026-07-12T17:03:31.793Z"}
{"level":"debug","message":"Beginning database schema validation","module":"boot","timestamp":"2026-07-12T17:03:31.911Z"}
{"level":"info","message":"Successfully started","timestamp":"2026-07-12T17:03:31.921Z"}
{"level":"info","message":"Executed query (SELECT COUNT(*) as count\n                       FROM information_schema.tables\n                       WHERE table_schema = ?\n                         AND table_name = ? [\"ox_core_533CCB\",\"characters\"]) in 109.2022ms'","module":"DBInterface","timestamp":"2026-07-12T17:03:32.021Z"}
{"level":"info","message":"Executed query (SHOW COLUMNS IN characters []) in 14.6599ms'","module":"DBInterface","timestamp":"2026-07-12T17:03:32.036Z"}
{"level":"debug","message":"Database schema successfully validated","module":"boot","timestamp":"2026-07-12T17:03:32.036Z"}
{"level":"info","message":"New NPWD Player added through event (1) (1)","module":"player","timestamp":"2026-07-12T17:04:47.085Z"}
{"level":"debug","message":{"_firstname":"Joe","_identifier":"1","_lastname":"Mustang","_phoneNumber":"220-214-3519","source":1,"username":"MANGANGÁ"},"module":"player","timestamp":"2026-07-12T17:04:47.085Z"}
{"level":"silly","message":"netPromise > npwd:fetchTweets > RequestObj","module":"events","timestamp":"2026-07-12T17:04:47.181Z"}
{"level":"silly","message":{"data":{"pageId":0},"source":1},"module":"events","timestamp":"2026-07-12T17:04:47.182Z"}
{"level":"info","message":"Executed query (\n        SELECT *\n        FROM npwd_twitter_profiles\n        WHERE identifier = ?\n        LIMIT 1\n\t\t [\"1\"]) in 3.5334ms'","module":"DBInterface","timestamp":"2026-07-12T17:04:47.186Z"}
{"level":"info","message":"Executed query (\n        SELECT \n  npwd_twitter_tweets.id,\n  npwd_twitter_tweets.identifier,\n  npwd_twitter_profiles.id AS profile_id,\n  npwd_twitter_profiles.profile_name,\n  npwd_twitter_profiles.avatar_url,\n  npwd_twitter_tweets.likes,\n  npwd_twitter_tweets.visible,\n  IFNULL(COALESCE(retweets.message, npwd_twitter_tweets.message), '') AS message,\n  IFNULL(COALESCE(retweets.images, npwd_twitter_tweets.images), '') AS images,\n  npwd_twitter_tweets.retweet IS NOT NULL AS isRetweet,\n  retweets.id AS retweetId,\n  retweets_profiles.profile_name AS retweetProfileName,\n  retweets_profiles.avatar_url AS retweetAvatarUrl,\n  npwd_twitter_likes.id IS NOT NULL AS isLiked,\n  npwd_twitter_reports.id IS NOT NULL AS isReported,\n  npwd_twitter_tweets.createdAt,\n  npwd_twitter_tweets.updatedAt,\n  TIME_TO_SEC(TIMEDIFF( NOW(), npwd_twitter_tweets.createdAt)) AS seconds_since_tweet\n\n        FROM npwd_twitter_tweets\n                 LEFT OUTER JOIN npwd_twitter_profiles\n                                 ON npwd_twitter_tweets.identifier = npwd_twitter_profiles.identifier\n                 LEFT OUTER JOIN npwd_twitter_likes ON npwd_twitter_tweets.id = npwd_twitter_likes.tweet_id AND\n                                                       npwd_twitter_likes.profile_id = ?\n                 LEFT OUTER JOIN npwd_twitter_reports ON npwd_twitter_tweets.id = npwd_twitter_reports.tweet_id AND\n                                                         npwd_twitter_reports.profile_id = ?\n                 LEFT OUTER JOIN npwd_twitter_tweets AS retweets ON retweets.id = npwd_twitter_tweets.retweet\n                 LEFT OUTER JOIN npwd_twitter_profiles AS retweets_profiles\n                                 ON retweets.identifier = retweets_profiles.identifier\n        WHERE npwd_twitter_tweets.visible = 1\n        ORDER BY id DESC\n        LIMIT ? OFFSET ?\n\t\t [1,1,\"25\",\"0\"]) in 7.3903ms'","module":"DBInterface","timestamp":"2026-07-12T17:04:47.193Z"}
{"level":"silly","message":"Response Promise Event npwd:fetchTweets:6e132dec-48de-4e42-a505-e7375e7ab748 (12.3341ms), Data >>","module":"events","timestamp":"2026-07-12T17:04:47.194Z"}
{"level":"silly","message":{"data":[],"status":"ok"},"module":"events","timestamp":"2026-07-12T17:04:47.194Z"}
{"level":"silly","message":"netPromise > npwd:getOrCreateTwitterProfile > RequestObj","module":"events","timestamp":"2026-07-12T17:04:47.282Z"}
{"level":"silly","message":{"data":null,"source":1},"module":"events","timestamp":"2026-07-12T17:04:47.282Z"}
{"level":"silly","message":"netPromise > phone:getMyProfile > RequestObj","module":"events","timestamp":"2026-07-12T17:04:47.283Z"}
{"level":"silly","message":{"data":null,"source":1},"module":"events","timestamp":"2026-07-12T17:04:47.283Z"}
{"level":"silly","message":"netPromise > npwd:fetchMessageGroups > RequestObj","module":"events","timestamp":"2026-07-12T17:04:47.284Z"}
{"level":"silly","message":{"data":null,"source":1},"module":"events","timestamp":"2026-07-12T17:04:47.284Z"}
{"level":"info","message":"Executed query (\n        SELECT *\n        FROM npwd_twitter_profiles\n        WHERE identifier = ?\n        LIMIT 1\n\t\t [\"1\"]) in 3.6507ms'","module":"DBInterface","timestamp":"2026-07-12T17:04:47.286Z"}
{"level":"silly","message":"Response Promise Event npwd:getOrCreateTwitterProfile:3ae0a0df-5975-4f83-ba42-2a19b5d084bc (4.2368ms), Data >>","module":"events","timestamp":"2026-07-12T17:04:47.287Z"}
{"level":"silly","message":{"data":{"avatar_url":"https://i.fivemanage.com/images/3ClWwmpwkFhL.png","createdAt":"2026-07-12T07:09:42.000Z","id":1,"identifier":"1","profile_name":"Joe_Mustang","updatedAt":"2026-07-12T07:09:42.000Z"},"status":"ok"},"module":"events","timestamp":"2026-07-12T17:04:47.287Z"}
{"level":"info","message":"Executed query (\n        SELECT *,\n               UNIX_TIMESTAMP(updatedAt) AS lastActive\n        FROM npwd_match_profiles\n        WHERE identifier = ?\n        LIMIT 1\n\t\t [\"1\"]) in 7.5277ms'","module":"DBInterface","timestamp":"2026-07-12T17:04:47.291Z"}
{"level":"silly","message":"Response Promise Event phone:getMyProfile:c7b26375-4a36-489d-91d4-695048297640 (8.4316ms), Data >>","module":"events","timestamp":"2026-07-12T17:04:47.291Z"}
{"level":"info","message":"Executed query (SELECT npwd_messages_conversations.id,\n                          npwd_messages_conversations.conversation_list         as conversationList,\n                          npwd_messages_participants.unread_count               as unreadCount,\n                          npwd_messages_conversations.is_group_chat             as isGroupChat,\n                          npwd_messages_conversations.label,\n                          UNIX_TIMESTAMP(npwd_messages_conversations.updatedAt) as updatedAt,\n                          npwd_messages_participants.participant\n                   FROM npwd_messages_conversations\n                            INNER JOIN npwd_messages_participants\n                                       on npwd_messages_conversations.id = npwd_messages_participants.conversation_id\n                   WHERE npwd_messages_participants.participant = ? [\"220-214-3519\"]) in 7.9719ms'","module":"DBInterface","timestamp":"2026-07-12T17:04:47.292Z"}
{"level":"silly","message":{"data":{"bio":"","createdAt":"2026-07-12T07:09:42.000Z","id":1,"identifier":"1","image":"https://upload.wikimedia.org/wikipedia/commons/a/ac/No_image_available.svg","job":"","lastActive":1783840182,"lastActiveFormatted":"Sun, 12 Jul 2026 07:09:42 GMT","location":"","name":"Joe Mustang","tagList":[],"tags":"","updatedAt":"2026-07-12T07:09:42.000Z","viewed":false,"voiceMessage":null},"status":"ok"},"module":"events","timestamp":"2026-07-12T17:04:47.291Z"}
{"level":"silly","message":"Response Promise Event npwd:fetchMessageGroups:dd60036b-deb8-4654-9437-08c37eaca271 (8.5226ms), Data >>","module":"events","timestamp":"2026-07-12T17:04:47.292Z"}
{"level":"silly","message":{"data":[],"status":"ok"},"module":"events","timestamp":"2026-07-12T17:04:47.292Z"}
{"level":"silly","message":"netPromise > npwd-contact-getAll > RequestObj","module":"events","timestamp":"2026-07-12T17:04:47.334Z"}
{"level":"silly","message":{"data":null,"source":1},"module":"events","timestamp":"2026-07-12T17:04:47.334Z"}
{"level":"info","message":"Executed query (SELECT * FROM npwd_phone_contacts WHERE identifier = ? ORDER BY display ASC [\"1\"]) in 1.9589ms'","module":"DBInterface","timestamp":"2026-07-12T17:04:47.337Z"}
{"level":"silly","message":"Response Promise Event npwd-contact-getAll:e5958462-a72b-4818-9426-2df545afc716 (2.7624ms), Data >>","module":"events","timestamp":"2026-07-12T17:04:47.337Z"}
{"level":"silly","message":{"data":[],"status":"ok"},"module":"events","timestamp":"2026-07-12T17:04:47.337Z"}
{"level":"debug","message":"Marketplace service started","module":"marketplace","timestamp":"2026-07-14T04:48:47.084Z"}
{"level":"debug","message":"Call service started","module":"calls","timestamp":"2026-07-14T04:48:47.086Z"}
{"level":"debug","message":"Player Service started","module":"player","timestamp":"2026-07-14T04:48:47.087Z"}
{"level":"info","message":"Loading NPWD Standalone","timestamp":"2026-07-14T04:48:47.087Z"}
{"level":"debug","message":"Boot service started","module":"boot","timestamp":"2026-07-14T04:48:47.087Z"}
{"level":"debug","message":"Messages service started","module":"messages","timestamp":"2026-07-14T04:48:47.088Z"}
{"level":"debug","message":"Notes service started","module":"notes","timestamp":"2026-07-14T04:48:47.088Z"}
{"level":"debug","message":"Contacts service started","module":"contact","timestamp":"2026-07-14T04:48:47.088Z"}
{"level":"debug","message":"Photo service started","module":"photo","timestamp":"2026-07-14T04:48:47.110Z"}
{"level":"debug","message":"Twitter service started","module":"twitter","timestamp":"2026-07-14T04:48:47.111Z"}
{"level":"debug","message":"Match service started","module":"match","timestamp":"2026-07-14T04:48:47.111Z"}
{"level":"debug","message":"Beginning database schema validation","module":"boot","timestamp":"2026-07-14T04:48:47.267Z"}
{"level":"info","message":"Successfully started","timestamp":"2026-07-14T04:48:47.278Z"}
{"level":"info","message":"Executed query (SELECT COUNT(*) as count\n                       FROM information_schema.tables\n                       WHERE table_schema = ?\n                         AND table_name = ? [\"ox_core_533CCB\",\"characters\"]) in 186.3708ms'","module":"DBInterface","timestamp":"2026-07-14T04:48:47.455Z"}
{"level":"info","message":"Executed query (SHOW COLUMNS IN characters []) in 33.2994ms'","module":"DBInterface","timestamp":"2026-07-14T04:48:47.488Z"}
{"level":"debug","message":"Database schema successfully validated","module":"boot","timestamp":"2026-07-14T04:48:47.489Z"}
{"level":"info","message":"New NPWD Player added through event (1) (1)","module":"player","timestamp":"2026-07-14T04:51:35.228Z"}
{"level":"debug","message":{"_firstname":"Joe","_identifier":"1","_lastname":"Mustang","_phoneNumber":"220-214-3519","source":1,"username":"MANGANGÁ"},"module":"player","timestamp":"2026-07-14T04:51:35.228Z"}
{"level":"silly","message":"netPromise > npwd:fetchTweets > RequestObj","module":"events","timestamp":"2026-07-14T04:51:35.325Z"}
{"level":"silly","message":{"data":{"pageId":0},"source":1},"module":"events","timestamp":"2026-07-14T04:51:35.325Z"}
{"level":"info","message":"Executed query (\n        SELECT *\n        FROM npwd_twitter_profiles\n        WHERE identifier = ?\n        LIMIT 1\n\t\t [\"1\"]) in 2.6714ms'","module":"DBInterface","timestamp":"2026-07-14T04:51:35.329Z"}
{"level":"info","message":"Executed query (\n        SELECT \n  npwd_twitter_tweets.id,\n  npwd_twitter_tweets.identifier,\n  npwd_twitter_profiles.id AS profile_id,\n  npwd_twitter_profiles.profile_name,\n  npwd_twitter_profiles.avatar_url,\n  npwd_twitter_tweets.likes,\n  npwd_twitter_tweets.visible,\n  IFNULL(COALESCE(retweets.message, npwd_twitter_tweets.message), '') AS message,\n  IFNULL(COALESCE(retweets.images, npwd_twitter_tweets.images), '') AS images,\n  npwd_twitter_tweets.retweet IS NOT NULL AS isRetweet,\n  retweets.id AS retweetId,\n  retweets_profiles.profile_name AS retweetProfileName,\n  retweets_profiles.avatar_url AS retweetAvatarUrl,\n  npwd_twitter_likes.id IS NOT NULL AS isLiked,\n  npwd_twitter_reports.id IS NOT NULL AS isReported,\n  npwd_twitter_tweets.createdAt,\n  npwd_twitter_tweets.updatedAt,\n  TIME_TO_SEC(TIMEDIFF( NOW(), npwd_twitter_tweets.createdAt)) AS seconds_since_tweet\n\n        FROM npwd_twitter_tweets\n                 LEFT OUTER JOIN npwd_twitter_profiles\n                                 ON npwd_twitter_tweets.identifier = npwd_twitter_profiles.identifier\n                 LEFT OUTER JOIN npwd_twitter_likes ON npwd_twitter_tweets.id = npwd_twitter_likes.tweet_id AND\n                                                       npwd_twitter_likes.profile_id = ?\n                 LEFT OUTER JOIN npwd_twitter_reports ON npwd_twitter_tweets.id = npwd_twitter_reports.tweet_id AND\n                                                         npwd_twitter_reports.profile_id = ?\n                 LEFT OUTER JOIN npwd_twitter_tweets AS retweets ON retweets.id = npwd_twitter_tweets.retweet\n                 LEFT OUTER JOIN npwd_twitter_profiles AS retweets_profiles\n                                 ON retweets.identifier = retweets_profiles.identifier\n        WHERE npwd_twitter_tweets.visible = 1\n        ORDER BY id DESC\n        LIMIT ? OFFSET ?\n\t\t [1,1,\"25\",\"0\"]) in 3.8573ms'","module":"DBInterface","timestamp":"2026-07-14T04:51:35.333Z"}
{"level":"silly","message":"Response Promise Event npwd:fetchTweets:418813ad-19fb-4860-a718-efc0dc564cde (8.2119ms), Data >>","module":"events","timestamp":"2026-07-14T04:51:35.333Z"}
{"level":"silly","message":{"data":[],"status":"ok"},"module":"events","timestamp":"2026-07-14T04:51:35.333Z"}
{"level":"silly","message":"netPromise > npwd:getOrCreateTwitterProfile > RequestObj","module":"events","timestamp":"2026-07-14T04:51:35.476Z"}
{"level":"silly","message":{"data":null,"source":1},"module":"events","timestamp":"2026-07-14T04:51:35.476Z"}
{"level":"silly","message":"netPromise > phone:getMyProfile > RequestObj","module":"events","timestamp":"2026-07-14T04:51:35.477Z"}
{"level":"silly","message":{"data":null,"source":1},"module":"events","timestamp":"2026-07-14T04:51:35.477Z"}
{"level":"silly","message":"netPromise > npwd:fetchMessageGroups > RequestObj","module":"events","timestamp":"2026-07-14T04:51:35.478Z"}
{"level":"silly","message":{"data":null,"source":1},"module":"events","timestamp":"2026-07-14T04:51:35.478Z"}
{"level":"silly","message":"netPromise > npwd-contact-getAll > RequestObj","module":"events","timestamp":"2026-07-14T04:51:35.479Z"}
{"level":"silly","message":{"data":null,"source":1},"module":"events","timestamp":"2026-07-14T04:51:35.479Z"}
{"level":"info","message":"Executed query (\n        SELECT *\n        FROM npwd_twitter_profiles\n        WHERE identifier = ?\n        LIMIT 1\n\t\t [\"1\"]) in 4.445ms'","module":"DBInterface","timestamp":"2026-07-14T04:51:35.481Z"}
{"level":"silly","message":"Response Promise Event npwd:getOrCreateTwitterProfile:3edd2c3d-5824-4dd8-aefb-127285096ed5 (5.3209ms), Data >>","module":"events","timestamp":"2026-07-14T04:51:35.481Z"}
{"level":"silly","message":{"data":{"avatar_url":"https://i.fivemanage.com/images/3ClWwmpwkFhL.png","createdAt":"2026-07-12T07:09:42.000Z","id":1,"identifier":"1","profile_name":"Joe_Mustang","updatedAt":"2026-07-12T07:09:42.000Z"},"status":"ok"},"module":"events","timestamp":"2026-07-14T04:51:35.481Z"}
{"level":"info","message":"Executed query (SELECT * FROM npwd_phone_contacts WHERE identifier = ? ORDER BY display ASC [\"1\"]) in 4.7413ms'","module":"DBInterface","timestamp":"2026-07-14T04:51:35.484Z"}
{"level":"silly","message":"Response Promise Event npwd-contact-getAll:aa94d088-d55d-4956-b09e-78f83e92e988 (5.1158ms), Data >>","module":"events","timestamp":"2026-07-14T04:51:35.484Z"}
{"level":"info","message":"Executed query (\n        SELECT *,\n               UNIX_TIMESTAMP(updatedAt) AS lastActive\n        FROM npwd_match_profiles\n        WHERE identifier = ?\n        LIMIT 1\n\t\t [\"1\"]) in 7.8393ms'","module":"DBInterface","timestamp":"2026-07-14T04:51:35.485Z"}
{"level":"info","message":"Executed query (SELECT npwd_messages_conversations.id,\n                          npwd_messages_conversations.conversation_list         as conversationList,\n                          npwd_messages_participants.unread_count               as unreadCount,\n                          npwd_messages_conversations.is_group_chat             as isGroupChat,\n                          npwd_messages_conversations.label,\n                          UNIX_TIMESTAMP(npwd_messages_conversations.updatedAt) as updatedAt,\n                          npwd_messages_participants.participant\n                   FROM npwd_messages_conversations\n                            INNER JOIN npwd_messages_participants\n                                       on npwd_messages_conversations.id = npwd_messages_participants.conversation_id\n                   WHERE npwd_messages_participants.participant = ? [\"220-214-3519\"]) in 8.1224ms'","module":"DBInterface","timestamp":"2026-07-14T04:51:35.486Z"}
{"level":"silly","message":{"data":[],"status":"ok"},"module":"events","timestamp":"2026-07-14T04:51:35.484Z"}
{"level":"silly","message":"Response Promise Event phone:getMyProfile:c140d16e-74ab-4367-a88c-5cb71c390255 (8.9113ms), Data >>","module":"events","timestamp":"2026-07-14T04:51:35.486Z"}
{"level":"silly","message":{"data":{"bio":"","createdAt":"2026-07-12T07:09:42.000Z","id":1,"identifier":"1","image":"https://upload.wikimedia.org/wikipedia/commons/a/ac/No_image_available.svg","job":"","lastActive":1783840182,"lastActiveFormatted":"Sun, 12 Jul 2026 07:09:42 GMT","location":"","name":"Joe Mustang","tagList":[],"tags":"","updatedAt":"2026-07-12T07:09:42.000Z","viewed":false,"voiceMessage":null},"status":"ok"},"module":"events","timestamp":"2026-07-14T04:51:35.486Z"}
{"level":"silly","message":"Response Promise Event npwd:fetchMessageGroups:6c3d383a-d646-45c5-b917-374657b3344c (8.4917ms), Data >>","module":"events","timestamp":"2026-07-14T04:51:35.487Z"}
{"level":"silly","message":{"data":[],"status":"ok"},"module":"events","timestamp":"2026-07-14T04:51:35.487Z"}
{"level":"info","message":"Executed query (SELECT id FROM npwd_marketplace_listings WHERE identifier = ? [\"1\"]) in 58.314ms'","module":"DBInterface","timestamp":"2026-07-14T06:52:49.254Z"}
{"level":"info","message":"Executed query (DELETE FROM npwd_marketplace_listings WHERE identifier = ? AND reported = 0 [\"1\"]) in 9.7946ms'","module":"DBInterface","timestamp":"2026-07-14T06:52:49.267Z"}
{"level":"info","message":"Unloaded NPWD Player, source: (1)","module":"player","timestamp":"2026-07-14T06:52:49.269Z"}
{"level":"debug","message":"Marketplace service started","module":"marketplace","timestamp":"2026-07-14T06:53:13.701Z"}
{"level":"debug","message":"Call service started","module":"calls","timestamp":"2026-07-14T06:53:13.703Z"}
{"level":"debug","message":"Player Service started","module":"player","timestamp":"2026-07-14T06:53:13.703Z"}
{"level":"info","message":"Loading NPWD Standalone","timestamp":"2026-07-14T06:53:13.703Z"}
{"level":"debug","message":"Boot service started","module":"boot","timestamp":"2026-07-14T06:53:13.704Z"}
{"level":"debug","message":"Messages service started","module":"messages","timestamp":"2026-07-14T06:53:13.704Z"}
{"level":"debug","message":"Notes service started","module":"notes","timestamp":"2026-07-14T06:53:13.704Z"}
{"level":"debug","message":"Contacts service started","module":"contact","timestamp":"2026-07-14T06:53:13.704Z"}
{"level":"debug","message":"Photo service started","module":"photo","timestamp":"2026-07-14T06:53:13.719Z"}
{"level":"debug","message":"Twitter service started","module":"twitter","timestamp":"2026-07-14T06:53:13.719Z"}
{"level":"debug","message":"Match service started","module":"match","timestamp":"2026-07-14T06:53:13.720Z"}
{"level":"debug","message":"Beginning database schema validation","module":"boot","timestamp":"2026-07-14T06:53:15.337Z"}
{"level":"info","message":"Successfully started","timestamp":"2026-07-14T06:53:15.347Z"}
{"level":"info","message":"Executed query (SELECT COUNT(*) as count\n                       FROM information_schema.tables\n                       WHERE table_schema = ?\n                         AND table_name = ? [\"ox_core_533CCB\",\"characters\"]) in 114.5729ms'","module":"DBInterface","timestamp":"2026-07-14T06:53:15.452Z"}
{"level":"info","message":"Executed query (SHOW COLUMNS IN characters []) in 17.9986ms'","module":"DBInterface","timestamp":"2026-07-14T06:53:15.471Z"}
{"level":"debug","message":"Database schema successfully validated","module":"boot","timestamp":"2026-07-14T06:53:15.471Z"}
{"level":"info","message":"New NPWD Player added through event (1) (1)","module":"player","timestamp":"2026-07-14T06:54:15.583Z"}
{"level":"debug","message":{"_firstname":"Joe","_identifier":"1","_lastname":"Mustang","_phoneNumber":"220-214-3519","source":1,"username":"MANGANGÁ"},"module":"player","timestamp":"2026-07-14T06:54:15.583Z"}
{"level":"silly","message":"netPromise > npwd:fetchTweets > RequestObj","module":"events","timestamp":"2026-07-14T06:54:15.677Z"}
{"level":"silly","message":{"data":{"pageId":0},"source":1},"module":"events","timestamp":"2026-07-14T06:54:15.678Z"}
{"level":"info","message":"Executed query (\n        SELECT *\n        FROM npwd_twitter_profiles\n        WHERE identifier = ?\n        LIMIT 1\n\t\t [\"1\"]) in 9.7245ms'","module":"DBInterface","timestamp":"2026-07-14T06:54:15.688Z"}
{"level":"info","message":"Executed query (\n        SELECT \n  npwd_twitter_tweets.id,\n  npwd_twitter_tweets.identifier,\n  npwd_twitter_profiles.id AS profile_id,\n  npwd_twitter_profiles.profile_name,\n  npwd_twitter_profiles.avatar_url,\n  npwd_twitter_tweets.likes,\n  npwd_twitter_tweets.visible,\n  IFNULL(COALESCE(retweets.message, npwd_twitter_tweets.message), '') AS message,\n  IFNULL(COALESCE(retweets.images, npwd_twitter_tweets.images), '') AS images,\n  npwd_twitter_tweets.retweet IS NOT NULL AS isRetweet,\n  retweets.id AS retweetId,\n  retweets_profiles.profile_name AS retweetProfileName,\n  retweets_profiles.avatar_url AS retweetAvatarUrl,\n  npwd_twitter_likes.id IS NOT NULL AS isLiked,\n  npwd_twitter_reports.id IS NOT NULL AS isReported,\n  npwd_twitter_tweets.createdAt,\n  npwd_twitter_tweets.updatedAt,\n  TIME_TO_SEC(TIMEDIFF( NOW(), npwd_twitter_tweets.createdAt)) AS seconds_since_tweet\n\n        FROM npwd_twitter_tweets\n                 LEFT OUTER JOIN npwd_twitter_profiles\n                                 ON npwd_twitter_tweets.identifier = npwd_twitter_profiles.identifier\n                 LEFT OUTER JOIN npwd_twitter_likes ON npwd_twitter_tweets.id = npwd_twitter_likes.tweet_id AND\n                                                       npwd_twitter_likes.profile_id = ?\n                 LEFT OUTER JOIN npwd_twitter_reports ON npwd_twitter_tweets.id = npwd_twitter_reports.tweet_id AND\n                                                         npwd_twitter_reports.profile_id = ?\n                 LEFT OUTER JOIN npwd_twitter_tweets AS retweets ON retweets.id = npwd_twitter_tweets.retweet\n                 LEFT OUTER JOIN npwd_twitter_profiles AS retweets_profiles\n                                 ON retweets.identifier = retweets_profiles.identifier\n        WHERE npwd_twitter_tweets.visible = 1\n        ORDER BY id DESC\n        LIMIT ? OFFSET ?\n\t\t [1,1,\"25\",\"0\"]) in 7.2826ms'","module":"DBInterface","timestamp":"2026-07-14T06:54:15.696Z"}
{"level":"silly","message":"Response Promise Event npwd:fetchTweets:e93b0920-5e72-4c18-9a73-be22835a566f (18.952ms), Data >>","module":"events","timestamp":"2026-07-14T06:54:15.697Z"}
{"level":"silly","message":{"data":[],"status":"ok"},"module":"events","timestamp":"2026-07-14T06:54:15.697Z"}
{"level":"silly","message":"netPromise > npwd:getOrCreateTwitterProfile > RequestObj","module":"events","timestamp":"2026-07-14T06:54:15.826Z"}
{"level":"silly","message":{"data":null,"source":1},"module":"events","timestamp":"2026-07-14T06:54:15.826Z"}
{"level":"silly","message":"netPromise > phone:getMyProfile > RequestObj","module":"events","timestamp":"2026-07-14T06:54:15.826Z"}
{"level":"silly","message":{"data":null,"source":1},"module":"events","timestamp":"2026-07-14T06:54:15.826Z"}
{"level":"silly","message":"netPromise > npwd:fetchMessageGroups > RequestObj","module":"events","timestamp":"2026-07-14T06:54:15.828Z"}
{"level":"silly","message":{"data":null,"source":1},"module":"events","timestamp":"2026-07-14T06:54:15.828Z"}
{"level":"silly","message":"netPromise > npwd-contact-getAll > RequestObj","module":"events","timestamp":"2026-07-14T06:54:15.828Z"}
{"level":"silly","message":{"data":null,"source":1},"module":"events","timestamp":"2026-07-14T06:54:15.828Z"}
{"level":"info","message":"Executed query (\n        SELECT *\n        FROM npwd_twitter_profiles\n        WHERE identifier = ?\n        LIMIT 1\n\t\t [\"1\"]) in 4.7067ms'","module":"DBInterface","timestamp":"2026-07-14T06:54:15.831Z"}
{"level":"silly","message":"Response Promise Event npwd:getOrCreateTwitterProfile:6669a62b-b903-44f9-9d44-d2b2f52325d0 (5.4775ms), Data >>","module":"events","timestamp":"2026-07-14T06:54:15.831Z"}
{"level":"silly","message":{"data":{"avatar_url":"https://i.fivemanage.com/images/3ClWwmpwkFhL.png","createdAt":"2026-07-12T07:09:42.000Z","id":1,"identifier":"1","profile_name":"Joe_Mustang","updatedAt":"2026-07-12T07:09:42.000Z"},"status":"ok"},"module":"events","timestamp":"2026-07-14T06:54:15.831Z"}
{"level":"info","message":"Executed query (SELECT * FROM npwd_phone_contacts WHERE identifier = ? ORDER BY display ASC [\"1\"]) in 7.0766ms'","module":"DBInterface","timestamp":"2026-07-14T06:54:15.836Z"}
{"level":"silly","message":"Response Promise Event npwd-contact-getAll:226f081d-e173-46c3-aa89-1ce3aee5d823 (7.473ms), Data >>","module":"events","timestamp":"2026-07-14T06:54:15.836Z"}
{"level":"info","message":"Executed query (SELECT npwd_messages_conversations.id,\n                          npwd_messages_conversations.conversation_list         as conversationList,\n                          npwd_messages_participants.unread_count               as unreadCount,\n                          npwd_messages_conversations.is_group_chat             as isGroupChat,\n                          npwd_messages_conversations.label,\n                          UNIX_TIMESTAMP(npwd_messages_conversations.updatedAt) as updatedAt,\n                          npwd_messages_participants.participant\n                   FROM npwd_messages_conversations\n                            INNER JOIN npwd_messages_participants\n                                       on npwd_messages_conversations.id = npwd_messages_participants.conversation_id\n                   WHERE npwd_messages_participants.participant = ? [\"220-214-3519\"]) in 8.5261ms'","module":"DBInterface","timestamp":"2026-07-14T06:54:15.836Z"}
{"level":"silly","message":{"data":[],"status":"ok"},"module":"events","timestamp":"2026-07-14T06:54:15.836Z"}
{"level":"info","message":"Executed query (\n        SELECT *,\n               UNIX_TIMESTAMP(updatedAt) AS lastActive\n        FROM npwd_match_profiles\n        WHERE identifier = ?\n        LIMIT 1\n\t\t [\"1\"]) in 10.6039ms'","module":"DBInterface","timestamp":"2026-07-14T06:54:15.838Z"}
{"level":"silly","message":"Response Promise Event npwd:fetchMessageGroups:56bfb29a-ed6c-4c71-b08f-983291c65969 (8.9242ms), Data >>","module":"events","timestamp":"2026-07-14T06:54:15.837Z"}
{"level":"silly","message":{"data":[],"status":"ok"},"module":"events","timestamp":"2026-07-14T06:54:15.837Z"}
{"level":"silly","message":"Response Promise Event phone:getMyProfile:73e6be75-2dd6-4f4f-8c43-5788b90ca7a4 (12.1256ms), Data >>","module":"events","timestamp":"2026-07-14T06:54:15.838Z"}
{"level":"silly","message":{"data":{"bio":"","createdAt":"2026-07-12T07:09:42.000Z","id":1,"identifier":"1","image":"https://upload.wikimedia.org/wikipedia/commons/a/ac/No_image_available.svg","job":"","lastActive":1783840182,"lastActiveFormatted":"Sun, 12 Jul 2026 07:09:42 GMT","location":"","name":"Joe Mustang","tagList":[],"tags":"","updatedAt":"2026-07-12T07:09:42.000Z","viewed":false,"voiceMessage":null},"status":"ok"},"module":"events","timestamp":"2026-07-14T06:54:15.839Z"}
{"level":"debug","message":"Received unloadPlayer event for 1","module":"player","timestamp":"2026-07-14T12:01:21.846Z"}
{"level":"info","message":"Executed query (SELECT id FROM npwd_marketplace_listings WHERE identifier = ? [\"1\"]) in 15.6395ms'","module":"DBInterface","timestamp":"2026-07-14T12:01:21.856Z"}
{"level":"info","message":"Executed query (SELECT id FROM npwd_marketplace_listings WHERE identifier = ? [\"1\"]) in 10.947ms'","module":"DBInterface","timestamp":"2026-07-14T12:01:21.858Z"}
{"level":"info","message":"Executed query (DELETE FROM npwd_marketplace_listings WHERE identifier = ? AND reported = 0 [\"1\"]) in 3.5148ms'","module":"DBInterface","timestamp":"2026-07-14T12:01:21.860Z"}
{"level":"info","message":"Unloaded NPWD Player, source: (1)","module":"player","timestamp":"2026-07-14T12:01:21.860Z"}
{"level":"info","message":"Executed query (DELETE FROM npwd_marketplace_listings WHERE identifier = ? AND reported = 0 [\"1\"]) in 2.9454ms'","module":"DBInterface","timestamp":"2026-07-14T12:01:21.861Z"}
{"level":"debug","message":"Marketplace service started","module":"marketplace","timestamp":"2026-07-14T15:02:10.606Z"}
{"level":"debug","message":"Call service started","module":"calls","timestamp":"2026-07-14T15:02:10.609Z"}
{"level":"debug","message":"Player Service started","module":"player","timestamp":"2026-07-14T15:02:10.610Z"}
{"level":"info","message":"Loading NPWD Standalone","timestamp":"2026-07-14T15:02:10.610Z"}
{"level":"debug","message":"Boot service started","module":"boot","timestamp":"2026-07-14T15:02:10.610Z"}
{"level":"debug","message":"Messages service started","module":"messages","timestamp":"2026-07-14T15:02:10.611Z"}
{"level":"debug","message":"Notes service started","module":"notes","timestamp":"2026-07-14T15:02:10.614Z"}
{"level":"debug","message":"Contacts service started","module":"contact","timestamp":"2026-07-14T15:02:10.614Z"}
{"level":"debug","message":"Photo service started","module":"photo","timestamp":"2026-07-14T15:02:10.646Z"}
{"level":"debug","message":"Twitter service started","module":"twitter","timestamp":"2026-07-14T15:02:10.646Z"}
{"level":"debug","message":"Match service started","module":"match","timestamp":"2026-07-14T15:02:10.647Z"}
{"level":"debug","message":"Beginning database schema validation","module":"boot","timestamp":"2026-07-14T15:02:12.560Z"}
{"level":"info","message":"Successfully started","timestamp":"2026-07-14T15:02:12.576Z"}
{"level":"info","message":"Executed query (SELECT COUNT(*) as count\n                       FROM information_schema.tables\n                       WHERE table_schema = ?\n                         AND table_name = ? [\"ox_core_533CCB\",\"characters\"]) in 179.3326ms'","module":"DBInterface","timestamp":"2026-07-14T15:02:12.740Z"}
{"level":"info","message":"Executed query (SHOW COLUMNS IN characters []) in 33.0613ms'","module":"DBInterface","timestamp":"2026-07-14T15:02:12.773Z"}
{"level":"debug","message":"Database schema successfully validated","module":"boot","timestamp":"2026-07-14T15:02:12.774Z"}
{"level":"info","message":"New NPWD Player added through event (1) (1)","module":"player","timestamp":"2026-07-14T15:59:07.819Z"}
{"level":"debug","message":{"_firstname":"Joe","_identifier":"1","_lastname":"Mustang","_phoneNumber":"220-214-3519","source":1,"username":"MANGANGÁ"},"module":"player","timestamp":"2026-07-14T15:59:07.819Z"}
{"level":"silly","message":"netPromise > npwd:fetchTweets > RequestObj","module":"events","timestamp":"2026-07-14T15:59:07.864Z"}
{"level":"silly","message":{"data":{"pageId":0},"source":1},"module":"events","timestamp":"2026-07-14T15:59:07.865Z"}
{"level":"info","message":"Executed query (\n        SELECT *\n        FROM npwd_twitter_profiles\n        WHERE identifier = ?\n        LIMIT 1\n\t\t [\"1\"]) in 9.5459ms'","module":"DBInterface","timestamp":"2026-07-14T15:59:07.875Z"}
{"level":"info","message":"Executed query (\n        SELECT \n  npwd_twitter_tweets.id,\n  npwd_twitter_tweets.identifier,\n  npwd_twitter_profiles.id AS profile_id,\n  npwd_twitter_profiles.profile_name,\n  npwd_twitter_profiles.avatar_url,\n  npwd_twitter_tweets.likes,\n  npwd_twitter_tweets.visible,\n  IFNULL(COALESCE(retweets.message, npwd_twitter_tweets.message), '') AS message,\n  IFNULL(COALESCE(retweets.images, npwd_twitter_tweets.images), '') AS images,\n  npwd_twitter_tweets.retweet IS NOT NULL AS isRetweet,\n  retweets.id AS retweetId,\n  retweets_profiles.profile_name AS retweetProfileName,\n  retweets_profiles.avatar_url AS retweetAvatarUrl,\n  npwd_twitter_likes.id IS NOT NULL AS isLiked,\n  npwd_twitter_reports.id IS NOT NULL AS isReported,\n  npwd_twitter_tweets.createdAt,\n  npwd_twitter_tweets.updatedAt,\n  TIME_TO_SEC(TIMEDIFF( NOW(), npwd_twitter_tweets.createdAt)) AS seconds_since_tweet\n\n        FROM npwd_twitter_tweets\n                 LEFT OUTER JOIN npwd_twitter_profiles\n                                 ON npwd_twitter_tweets.identifier = npwd_twitter_profiles.identifier\n                 LEFT OUTER JOIN npwd_twitter_likes ON npwd_twitter_tweets.id = npwd_twitter_likes.tweet_id AND\n                                                       npwd_twitter_likes.profile_id = ?\n                 LEFT OUTER JOIN npwd_twitter_reports ON npwd_twitter_tweets.id = npwd_twitter_reports.tweet_id AND\n                                                         npwd_twitter_reports.profile_id = ?\n                 LEFT OUTER JOIN npwd_twitter_tweets AS retweets ON retweets.id = npwd_twitter_tweets.retweet\n                 LEFT OUTER JOIN npwd_twitter_profiles AS retweets_profiles\n                                 ON retweets.identifier = retweets_profiles.identifier\n        WHERE npwd_twitter_tweets.visible = 1\n        ORDER BY id DESC\n        LIMIT ? OFFSET ?\n\t\t [1,1,\"25\",\"0\"]) in 9.1441ms'","module":"DBInterface","timestamp":"2026-07-14T15:59:07.884Z"}
{"level":"silly","message":"Response Promise Event npwd:fetchTweets:d43d153a-a0a7-44c3-b748-ae9bfc43f5fb (20.144ms), Data >>","module":"events","timestamp":"2026-07-14T15:59:07.885Z"}
{"level":"silly","message":{"data":[],"status":"ok"},"module":"events","timestamp":"2026-07-14T15:59:07.885Z"}
{"level":"silly","message":"netPromise > npwd:getOrCreateTwitterProfile > RequestObj","module":"events","timestamp":"2026-07-14T15:59:08.014Z"}
{"level":"silly","message":{"data":null,"source":1},"module":"events","timestamp":"2026-07-14T15:59:08.014Z"}
{"level":"silly","message":"netPromise > phone:getMyProfile > RequestObj","module":"events","timestamp":"2026-07-14T15:59:08.014Z"}
{"level":"silly","message":{"data":null,"source":1},"module":"events","timestamp":"2026-07-14T15:59:08.014Z"}
{"level":"silly","message":"netPromise > npwd:fetchMessageGroups > RequestObj","module":"events","timestamp":"2026-07-14T15:59:08.015Z"}
{"level":"silly","message":{"data":null,"source":1},"module":"events","timestamp":"2026-07-14T15:59:08.015Z"}
{"level":"silly","message":"netPromise > npwd-contact-getAll > RequestObj","module":"events","timestamp":"2026-07-14T15:59:08.016Z"}
{"level":"silly","message":{"data":null,"source":1},"module":"events","timestamp":"2026-07-14T15:59:08.016Z"}
{"level":"info","message":"Executed query (\n        SELECT *\n        FROM npwd_twitter_profiles\n        WHERE identifier = ?\n        LIMIT 1\n\t\t [\"1\"]) in 5.823ms'","module":"DBInterface","timestamp":"2026-07-14T15:59:08.020Z"}
{"level":"silly","message":"Response Promise Event npwd:getOrCreateTwitterProfile:66520328-5414-42fc-a5d5-6a7ceb691b93 (6.4602ms), Data >>","module":"events","timestamp":"2026-07-14T15:59:08.020Z"}
{"level":"silly","message":{"data":{"avatar_url":"https://i.fivemanage.com/images/3ClWwmpwkFhL.png","createdAt":"2026-07-12T07:09:42.000Z","id":1,"identifier":"1","profile_name":"Joe_Mustang","updatedAt":"2026-07-12T07:09:42.000Z"},"status":"ok"},"module":"events","timestamp":"2026-07-14T15:59:08.020Z"}
{"level":"info","message":"Executed query (\n        SELECT *,\n               UNIX_TIMESTAMP(updatedAt) AS lastActive\n        FROM npwd_match_profiles\n        WHERE identifier = ?\n        LIMIT 1\n\t\t [\"1\"]) in 11.9375ms'","module":"DBInterface","timestamp":"2026-07-14T15:59:08.027Z"}
{"level":"silly","message":"Response Promise Event phone:getMyProfile:16c556f2-8c89-4417-871d-01f6e0571c1e (12.8475ms), Data >>","module":"events","timestamp":"2026-07-14T15:59:08.027Z"}
{"level":"info","message":"Executed query (SELECT * FROM npwd_phone_contacts WHERE identifier = ? ORDER BY display ASC [\"1\"]) in 11.6836ms'","module":"DBInterface","timestamp":"2026-07-14T15:59:08.028Z"}
{"level":"silly","message":{"data":{"bio":"","createdAt":"2026-07-12T07:09:42.000Z","id":1,"identifier":"1","image":"https://upload.wikimedia.org/wikipedia/commons/a/ac/No_image_available.svg","job":"","lastActive":1783840182,"lastActiveFormatted":"Sun, 12 Jul 2026 07:09:42 GMT","location":"","name":"Joe Mustang","tagList":[],"tags":"","updatedAt":"2026-07-12T07:09:42.000Z","viewed":false,"voiceMessage":null},"status":"ok"},"module":"events","timestamp":"2026-07-14T15:59:08.027Z"}
{"level":"silly","message":"Response Promise Event npwd-contact-getAll:93547721-63b8-4935-9c94-150bbcb7fd31 (12.0871ms), Data >>","module":"events","timestamp":"2026-07-14T15:59:08.028Z"}
{"level":"silly","message":{"data":[],"status":"ok"},"module":"events","timestamp":"2026-07-14T15:59:08.028Z"}
{"level":"info","message":"Executed query (SELECT npwd_messages_conversations.id,\n                          npwd_messages_conversations.conversation_list         as conversationList,\n                          npwd_messages_participants.unread_count               as unreadCount,\n                          npwd_messages_conversations.is_group_chat             as isGroupChat,\n                          npwd_messages_conversations.label,\n                          UNIX_TIMESTAMP(npwd_messages_conversations.updatedAt) as updatedAt,\n                          npwd_messages_participants.participant\n                   FROM npwd_messages_conversations\n                            INNER JOIN npwd_messages_participants\n                                       on npwd_messages_conversations.id = npwd_messages_participants.conversation_id\n                   WHERE npwd_messages_participants.participant = ? [\"220-214-3519\"]) in 13.349ms'","module":"DBInterface","timestamp":"2026-07-14T15:59:08.029Z"}
{"level":"silly","message":"Response Promise Event npwd:fetchMessageGroups:afa2d0dc-f44c-4bda-824d-8a5a18adafa7 (13.7701ms), Data >>","module":"events","timestamp":"2026-07-14T15:59:08.029Z"}
{"level":"silly","message":{"data":[],"status":"ok"},"module":"events","timestamp":"2026-07-14T15:59:08.029Z"}
{"level":"info","message":"Executed query (SELECT id FROM npwd_marketplace_listings WHERE identifier = ? [\"1\"]) in 8.8871ms'","module":"DBInterface","timestamp":"2026-07-14T16:58:15.070Z"}
{"level":"info","message":"Executed query (DELETE FROM npwd_marketplace_listings WHERE identifier = ? AND reported = 0 [\"1\"]) in 2.1092ms'","module":"DBInterface","timestamp":"2026-07-14T16:58:15.072Z"}
{"level":"info","message":"Unloaded NPWD Player, source: (1)","module":"player","timestamp":"2026-07-14T16:58:15.072Z"}
{"level":"debug","message":"Marketplace service started","module":"marketplace","timestamp":"2026-07-14T16:58:23.127Z"}
{"level":"debug","message":"Call service started","module":"calls","timestamp":"2026-07-14T16:58:23.129Z"}
{"level":"debug","message":"Player Service started","module":"player","timestamp":"2026-07-14T16:58:23.129Z"}
{"level":"info","message":"Loading NPWD Standalone","timestamp":"2026-07-14T16:58:23.129Z"}
{"level":"debug","message":"Boot service started","module":"boot","timestamp":"2026-07-14T16:58:23.129Z"}
{"level":"debug","message":"Messages service started","module":"messages","timestamp":"2026-07-14T16:58:23.130Z"}
{"level":"debug","message":"Notes service started","module":"notes","timestamp":"2026-07-14T16:58:23.130Z"}
{"level":"debug","message":"Contacts service started","module":"contact","timestamp":"2026-07-14T16:58:23.130Z"}
{"level":"debug","message":"Photo service started","module":"photo","timestamp":"2026-07-14T16:58:23.148Z"}
{"level":"debug","message":"Twitter service started","module":"twitter","timestamp":"2026-07-14T16:58:23.148Z"}
{"level":"debug","message":"Match service started","module":"match","timestamp":"2026-07-14T16:58:23.149Z"}
{"level":"debug","message":"Beginning database schema validation","module":"boot","timestamp":"2026-07-14T16:58:23.286Z"}
{"level":"info","message":"Successfully started","timestamp":"2026-07-14T16:58:23.297Z"}
{"level":"info","message":"Executed query (SELECT COUNT(*) as count\n                       FROM information_schema.tables\n                       WHERE table_schema = ?\n                         AND table_name = ? [\"ox_core_533CCB\",\"characters\"]) in 150.602ms'","module":"DBInterface","timestamp":"2026-07-14T16:58:23.438Z"}
{"level":"info","message":"Executed query (SHOW COLUMNS IN characters []) in 27.8426ms'","module":"DBInterface","timestamp":"2026-07-14T16:58:23.466Z"}
{"level":"debug","message":"Database schema successfully validated","module":"boot","timestamp":"2026-07-14T16:58:23.466Z"}
{"level":"info","message":"New NPWD Player added through event (1) (1)","module":"player","timestamp":"2026-07-14T16:59:31.201Z"}
{"level":"debug","message":{"_firstname":"Joe","_identifier":"1","_lastname":"Mustang","_phoneNumber":"220-214-3519","source":1,"username":"MANGANGÁ"},"module":"player","timestamp":"2026-07-14T16:59:31.202Z"}
{"level":"silly","message":"netPromise > npwd:fetchTweets > RequestObj","module":"events","timestamp":"2026-07-14T16:59:31.297Z"}
{"level":"silly","message":{"data":{"pageId":0},"source":1},"module":"events","timestamp":"2026-07-14T16:59:31.297Z"}
{"level":"info","message":"Executed query (\n        SELECT *\n        FROM npwd_twitter_profiles\n        WHERE identifier = ?\n        LIMIT 1\n\t\t [\"1\"]) in 4.1852ms'","module":"DBInterface","timestamp":"2026-07-14T16:59:31.302Z"}
{"level":"info","message":"Executed query (\n        SELECT \n  npwd_twitter_tweets.id,\n  npwd_twitter_tweets.identifier,\n  npwd_twitter_profiles.id AS profile_id,\n  npwd_twitter_profiles.profile_name,\n  npwd_twitter_profiles.avatar_url,\n  npwd_twitter_tweets.likes,\n  npwd_twitter_tweets.visible,\n  IFNULL(COALESCE(retweets.message, npwd_twitter_tweets.message), '') AS message,\n  IFNULL(COALESCE(retweets.images, npwd_twitter_tweets.images), '') AS images,\n  npwd_twitter_tweets.retweet IS NOT NULL AS isRetweet,\n  retweets.id AS retweetId,\n  retweets_profiles.profile_name AS retweetProfileName,\n  retweets_profiles.avatar_url AS retweetAvatarUrl,\n  npwd_twitter_likes.id IS NOT NULL AS isLiked,\n  npwd_twitter_reports.id IS NOT NULL AS isReported,\n  npwd_twitter_tweets.createdAt,\n  npwd_twitter_tweets.updatedAt,\n  TIME_TO_SEC(TIMEDIFF( NOW(), npwd_twitter_tweets.createdAt)) AS seconds_since_tweet\n\n        FROM npwd_twitter_tweets\n                 LEFT OUTER JOIN npwd_twitter_profiles\n                                 ON npwd_twitter_tweets.identifier = npwd_twitter_profiles.identifier\n                 LEFT OUTER JOIN npwd_twitter_likes ON npwd_twitter_tweets.id = npwd_twitter_likes.tweet_id AND\n                                                       npwd_twitter_likes.profile_id = ?\n                 LEFT OUTER JOIN npwd_twitter_reports ON npwd_twitter_tweets.id = npwd_twitter_reports.tweet_id AND\n                                                         npwd_twitter_reports.profile_id = ?\n                 LEFT OUTER JOIN npwd_twitter_tweets AS retweets ON retweets.id = npwd_twitter_tweets.retweet\n                 LEFT OUTER JOIN npwd_twitter_profiles AS retweets_profiles\n                                 ON retweets.identifier = retweets_profiles.identifier\n        WHERE npwd_twitter_tweets.visible = 1\n        ORDER BY id DESC\n        LIMIT ? OFFSET ?\n\t\t [1,1,\"25\",\"0\"]) in 3.4927ms'","module":"DBInterface","timestamp":"2026-07-14T16:59:31.306Z"}
{"level":"silly","message":"Response Promise Event npwd:fetchTweets:5d9d86e1-7518-436f-96e4-9cab90bcdfb0 (9.1405ms), Data >>","module":"events","timestamp":"2026-07-14T16:59:31.306Z"}
{"level":"silly","message":{"data":[],"status":"ok"},"module":"events","timestamp":"2026-07-14T16:59:31.306Z"}
{"level":"silly","message":"netPromise > npwd:getOrCreateTwitterProfile > RequestObj","module":"events","timestamp":"2026-07-14T16:59:31.398Z"}
{"level":"silly","message":{"data":null,"source":1},"module":"events","timestamp":"2026-07-14T16:59:31.398Z"}
{"level":"silly","message":"netPromise > phone:getMyProfile > RequestObj","module":"events","timestamp":"2026-07-14T16:59:31.399Z"}
{"level":"silly","message":{"data":null,"source":1},"module":"events","timestamp":"2026-07-14T16:59:31.399Z"}
{"level":"silly","message":"netPromise > npwd:fetchMessageGroups > RequestObj","module":"events","timestamp":"2026-07-14T16:59:31.400Z"}
{"level":"silly","message":{"data":null,"source":1},"module":"events","timestamp":"2026-07-14T16:59:31.400Z"}
{"level":"silly","message":"netPromise > npwd-contact-getAll > RequestObj","module":"events","timestamp":"2026-07-14T16:59:31.401Z"}
{"level":"silly","message":{"data":null,"source":1},"module":"events","timestamp":"2026-07-14T16:59:31.401Z"}
{"level":"info","message":"Executed query (\n        SELECT *\n        FROM npwd_twitter_profiles\n        WHERE identifier = ?\n        LIMIT 1\n\t\t [\"1\"]) in 5.1504ms'","module":"DBInterface","timestamp":"2026-07-14T16:59:31.404Z"}
{"level":"silly","message":"Response Promise Event npwd:getOrCreateTwitterProfile:59612af5-1871-48ba-aab9-b255fd91b648 (5.8669ms), Data >>","module":"events","timestamp":"2026-07-14T16:59:31.404Z"}
{"level":"silly","message":{"data":{"avatar_url":"https://i.fivemanage.com/images/3ClWwmpwkFhL.png","createdAt":"2026-07-12T07:09:42.000Z","id":1,"identifier":"1","profile_name":"Joe_Mustang","updatedAt":"2026-07-12T07:09:42.000Z"},"status":"ok"},"module":"events","timestamp":"2026-07-14T16:59:31.404Z"}
{"level":"info","message":"Executed query (\n        SELECT *,\n               UNIX_TIMESTAMP(updatedAt) AS lastActive\n        FROM npwd_match_profiles\n        WHERE identifier = ?\n        LIMIT 1\n\t\t [\"1\"]) in 9.3082ms'","module":"DBInterface","timestamp":"2026-07-14T16:59:31.408Z"}
{"level":"silly","message":"Response Promise Event phone:getMyProfile:3833b95c-83a4-48a2-984d-d0774ba2360a (10.4296ms), Data >>","module":"events","timestamp":"2026-07-14T16:59:31.409Z"}
{"level":"info","message":"Executed query (SELECT * FROM npwd_phone_contacts WHERE identifier = ? ORDER BY display ASC [\"1\"]) in 8.7588ms'","module":"DBInterface","timestamp":"2026-07-14T16:59:31.410Z"}
{"level":"info","message":"Executed query (SELECT npwd_messages_conversations.id,\n                          npwd_messages_conversations.conversation_list         as conversationList,\n                          npwd_messages_participants.unread_count               as unreadCount,\n                          npwd_messages_conversations.is_group_chat             as isGroupChat,\n                          npwd_messages_conversations.label,\n                          UNIX_TIMESTAMP(npwd_messages_conversations.updatedAt) as updatedAt,\n                          npwd_messages_participants.participant\n                   FROM npwd_messages_conversations\n                            INNER JOIN npwd_messages_participants\n                                       on npwd_messages_conversations.id = npwd_messages_participants.conversation_id\n                   WHERE npwd_messages_participants.participant = ? [\"220-214-3519\"]) in 10.3393ms'","module":"DBInterface","timestamp":"2026-07-14T16:59:31.410Z"}
{"level":"silly","message":{"data":{"bio":"","createdAt":"2026-07-12T07:09:42.000Z","id":1,"identifier":"1","image":"https://upload.wikimedia.org/wikipedia/commons/a/ac/No_image_available.svg","job":"","lastActive":1783840182,"lastActiveFormatted":"Sun, 12 Jul 2026 07:09:42 GMT","location":"","name":"Joe Mustang","tagList":[],"tags":"","updatedAt":"2026-07-12T07:09:42.000Z","viewed":false,"voiceMessage":null},"status":"ok"},"module":"events","timestamp":"2026-07-14T16:59:31.409Z"}
{"level":"silly","message":"Response Promise Event npwd-contact-getAll:d093a6ce-0664-4db2-a1f8-8091d5f6578e (9.1831ms), Data >>","module":"events","timestamp":"2026-07-14T16:59:31.410Z"}
{"level":"silly","message":{"data":[],"status":"ok"},"module":"events","timestamp":"2026-07-14T16:59:31.410Z"}
{"level":"silly","message":"Response Promise Event npwd:fetchMessageGroups:6dc387a0-662c-4f1d-aae8-db2e4615cc96 (10.7917ms), Data >>","module":"events","timestamp":"2026-07-14T16:59:31.411Z"}
{"level":"silly","message":{"data":[],"status":"ok"},"module":"events","timestamp":"2026-07-14T16:59:31.411Z"}
{"level":"debug","message":"Received unloadPlayer event for 1","module":"player","timestamp":"2026-07-14T17:00:00.231Z"}
{"level":"info","message":"Executed query (SELECT id FROM npwd_marketplace_listings WHERE identifier = ? [\"1\"]) in 9.3523ms'","module":"DBInterface","timestamp":"2026-07-14T17:00:00.238Z"}
{"level":"info","message":"Executed query (SELECT id FROM npwd_marketplace_listings WHERE identifier = ? [\"1\"]) in 7.9191ms'","module":"DBInterface","timestamp":"2026-07-14T17:00:00.239Z"}
{"level":"info","message":"Executed query (DELETE FROM npwd_marketplace_listings WHERE identifier = ? AND reported = 0 [\"1\"]) in 3.2577ms'","module":"DBInterface","timestamp":"2026-07-14T17:00:00.242Z"}
{"level":"info","message":"Unloaded NPWD Player, source: (1)","module":"player","timestamp":"2026-07-14T17:00:00.242Z"}
{"level":"info","message":"Executed query (DELETE FROM npwd_marketplace_listings WHERE identifier = ? AND reported = 0 [\"1\"]) in 3.2741ms'","module":"DBInterface","timestamp":"2026-07-14T17:00:00.243Z"}
{"level":"debug","message":"Marketplace service started","module":"marketplace","timestamp":"2026-07-15T00:01:18.151Z"}
{"level":"debug","message":"Call service started","module":"calls","timestamp":"2026-07-15T00:01:18.153Z"}
{"level":"debug","message":"Player Service started","module":"player","timestamp":"2026-07-15T00:01:18.153Z"}
{"level":"info","message":"Loading NPWD Standalone","timestamp":"2026-07-15T00:01:18.153Z"}
{"level":"debug","message":"Boot service started","module":"boot","timestamp":"2026-07-15T00:01:18.153Z"}
{"level":"debug","message":"Messages service started","module":"messages","timestamp":"2026-07-15T00:01:18.154Z"}
{"level":"debug","message":"Notes service started","module":"notes","timestamp":"2026-07-15T00:01:18.154Z"}
{"level":"debug","message":"Contacts service started","module":"contact","timestamp":"2026-07-15T00:01:18.154Z"}
{"level":"debug","message":"Photo service started","module":"photo","timestamp":"2026-07-15T00:01:18.167Z"}
{"level":"debug","message":"Twitter service started","module":"twitter","timestamp":"2026-07-15T00:01:18.167Z"}
{"level":"debug","message":"Match service started","module":"match","timestamp":"2026-07-15T00:01:18.167Z"}
{"level":"debug","message":"Beginning database schema validation","module":"boot","timestamp":"2026-07-15T00:01:19.859Z"}
{"level":"info","message":"Successfully started","timestamp":"2026-07-15T00:01:19.869Z"}
{"level":"info","message":"Executed query (SELECT COUNT(*) as count\n                       FROM information_schema.tables\n                       WHERE table_schema = ?\n                         AND table_name = ? [\"ox_core_533CCB\",\"characters\"]) in 221.7931ms'","module":"DBInterface","timestamp":"2026-07-15T00:01:20.081Z"}
{"level":"info","message":"Executed query (SHOW COLUMNS IN characters []) in 33.484ms'","module":"DBInterface","timestamp":"2026-07-15T00:01:20.115Z"}
{"level":"debug","message":"Database schema successfully validated","module":"boot","timestamp":"2026-07-15T00:01:20.115Z"}
{"level":"info","message":"New NPWD Player added through event (1) (1)","module":"player","timestamp":"2026-07-15T00:04:36.869Z"}
{"level":"debug","message":{"_firstname":"Joe","_identifier":"1","_lastname":"Mustang","_phoneNumber":"220-214-3519","source":1,"username":"MANGANGÁ"},"module":"player","timestamp":"2026-07-15T00:04:36.869Z"}
{"level":"silly","message":"netPromise > npwd:fetchTweets > RequestObj","module":"events","timestamp":"2026-07-15T00:04:36.964Z"}
{"level":"silly","message":{"data":{"pageId":0},"source":1},"module":"events","timestamp":"2026-07-15T00:04:36.965Z"}
{"level":"info","message":"Executed query (\n        SELECT *\n        FROM npwd_twitter_profiles\n        WHERE identifier = ?\n        LIMIT 1\n\t\t [\"1\"]) in 9.3332ms'","module":"DBInterface","timestamp":"2026-07-15T00:04:36.975Z"}
{"level":"info","message":"Executed query (\n        SELECT \n  npwd_twitter_tweets.id,\n  npwd_twitter_tweets.identifier,\n  npwd_twitter_profiles.id AS profile_id,\n  npwd_twitter_profiles.profile_name,\n  npwd_twitter_profiles.avatar_url,\n  npwd_twitter_tweets.likes,\n  npwd_twitter_tweets.visible,\n  IFNULL(COALESCE(retweets.message, npwd_twitter_tweets.message), '') AS message,\n  IFNULL(COALESCE(retweets.images, npwd_twitter_tweets.images), '') AS images,\n  npwd_twitter_tweets.retweet IS NOT NULL AS isRetweet,\n  retweets.id AS retweetId,\n  retweets_profiles.profile_name AS retweetProfileName,\n  retweets_profiles.avatar_url AS retweetAvatarUrl,\n  npwd_twitter_likes.id IS NOT NULL AS isLiked,\n  npwd_twitter_reports.id IS NOT NULL AS isReported,\n  npwd_twitter_tweets.createdAt,\n  npwd_twitter_tweets.updatedAt,\n  TIME_TO_SEC(TIMEDIFF( NOW(), npwd_twitter_tweets.createdAt)) AS seconds_since_tweet\n\n        FROM npwd_twitter_tweets\n                 LEFT OUTER JOIN npwd_twitter_profiles\n                                 ON npwd_twitter_tweets.identifier = npwd_twitter_profiles.identifier\n                 LEFT OUTER JOIN npwd_twitter_likes ON npwd_twitter_tweets.id = npwd_twitter_likes.tweet_id AND\n                                                       npwd_twitter_likes.profile_id = ?\n                 LEFT OUTER JOIN npwd_twitter_reports ON npwd_twitter_tweets.id = npwd_twitter_reports.tweet_id AND\n                                                         npwd_twitter_reports.profile_id = ?\n                 LEFT OUTER JOIN npwd_twitter_tweets AS retweets ON retweets.id = npwd_twitter_tweets.retweet\n                 LEFT OUTER JOIN npwd_twitter_profiles AS retweets_profiles\n                                 ON retweets.identifier = retweets_profiles.identifier\n        WHERE npwd_twitter_tweets.visible = 1\n        ORDER BY id DESC\n        LIMIT ? OFFSET ?\n\t\t [1,1,\"25\",\"0\"]) in 12.617ms'","module":"DBInterface","timestamp":"2026-07-15T00:04:36.988Z"}
{"level":"silly","message":"Response Promise Event npwd:fetchTweets:657ecbda-ec22-4331-8159-2c86447d1f8f (23.7403ms), Data >>","module":"events","timestamp":"2026-07-15T00:04:36.988Z"}
{"level":"silly","message":{"data":[],"status":"ok"},"module":"events","timestamp":"2026-07-15T00:04:36.988Z"}
{"level":"silly","message":"netPromise > npwd:getOrCreateTwitterProfile > RequestObj","module":"events","timestamp":"2026-07-15T00:04:37.064Z"}
{"level":"silly","message":{"data":null,"source":1},"module":"events","timestamp":"2026-07-15T00:04:37.064Z"}
{"level":"silly","message":"netPromise > phone:getMyProfile > RequestObj","module":"events","timestamp":"2026-07-15T00:04:37.065Z"}
{"level":"silly","message":{"data":null,"source":1},"module":"events","timestamp":"2026-07-15T00:04:37.065Z"}
{"level":"silly","message":"netPromise > npwd:fetchMessageGroups > RequestObj","module":"events","timestamp":"2026-07-15T00:04:37.066Z"}
{"level":"silly","message":{"data":null,"source":1},"module":"events","timestamp":"2026-07-15T00:04:37.066Z"}
{"level":"silly","message":"netPromise > npwd-contact-getAll > RequestObj","module":"events","timestamp":"2026-07-15T00:04:37.067Z"}
{"level":"silly","message":{"data":null,"source":1},"module":"events","timestamp":"2026-07-15T00:04:37.067Z"}
{"level":"info","message":"Executed query (\n        SELECT *\n        FROM npwd_twitter_profiles\n        WHERE identifier = ?\n        LIMIT 1\n\t\t [\"1\"]) in 5.0292ms'","module":"DBInterface","timestamp":"2026-07-15T00:04:37.070Z"}
{"level":"silly","message":"Response Promise Event npwd:getOrCreateTwitterProfile:efd16c0b-6bfd-47b4-b7f3-036e0cde2550 (5.8111ms), Data >>","module":"events","timestamp":"2026-07-15T00:04:37.070Z"}
{"level":"silly","message":{"data":{"avatar_url":"https://i.fivemanage.com/images/3ClWwmpwkFhL.png","createdAt":"2026-07-12T07:09:42.000Z","id":1,"identifier":"1","profile_name":"Joe_Mustang","updatedAt":"2026-07-12T07:09:42.000Z"},"status":"ok"},"module":"events","timestamp":"2026-07-15T00:04:37.070Z"}
{"level":"info","message":"Executed query (\n        SELECT *,\n               UNIX_TIMESTAMP(updatedAt) AS lastActive\n        FROM npwd_match_profiles\n        WHERE identifier = ?\n        LIMIT 1\n\t\t [\"1\"]) in 13.8176ms'","module":"DBInterface","timestamp":"2026-07-15T00:04:37.079Z"}
{"level":"silly","message":"Response Promise Event phone:getMyProfile:d68f9753-3ef2-4f99-a659-7a6b930db3d9 (14.9883ms), Data >>","module":"events","timestamp":"2026-07-15T00:04:37.080Z"}
{"level":"info","message":"Executed query (SELECT * FROM npwd_phone_contacts WHERE identifier = ? ORDER BY display ASC [\"1\"]) in 13.8217ms'","module":"DBInterface","timestamp":"2026-07-15T00:04:37.081Z"}
{"level":"silly","message":{"data":{"bio":"","createdAt":"2026-07-12T07:09:42.000Z","id":1,"identifier":"1","image":"https://upload.wikimedia.org/wikipedia/commons/a/ac/No_image_available.svg","job":"","lastActive":1783840182,"lastActiveFormatted":"Sun, 12 Jul 2026 07:09:42 GMT","location":"","name":"Joe Mustang","tagList":[],"tags":"","updatedAt":"2026-07-12T07:09:42.000Z","viewed":false,"voiceMessage":null},"status":"ok"},"module":"events","timestamp":"2026-07-15T00:04:37.080Z"}
{"level":"silly","message":"Response Promise Event npwd-contact-getAll:ef3f4c47-1a70-49fe-9507-9980eb5a7b2a (14.3961ms), Data >>","module":"events","timestamp":"2026-07-15T00:04:37.081Z"}
{"level":"silly","message":{"data":[],"status":"ok"},"module":"events","timestamp":"2026-07-15T00:04:37.081Z"}
{"level":"info","message":"Executed query (SELECT npwd_messages_conversations.id,\n                          npwd_messages_conversations.conversation_list         as conversationList,\n                          npwd_messages_participants.unread_count               as unreadCount,\n                          npwd_messages_conversations.is_group_chat             as isGroupChat,\n                          npwd_messages_conversations.label,\n                          UNIX_TIMESTAMP(npwd_messages_conversations.updatedAt) as updatedAt,\n                          npwd_messages_participants.participant\n                   FROM npwd_messages_conversations\n                            INNER JOIN npwd_messages_participants\n                                       on npwd_messages_conversations.id = npwd_messages_participants.conversation_id\n                   WHERE npwd_messages_participants.participant = ? [\"220-214-3519\"]) in 15.8576ms'","module":"DBInterface","timestamp":"2026-07-15T00:04:37.082Z"}
{"level":"silly","message":"Response Promise Event npwd:fetchMessageGroups:a7f39634-30e4-45af-b8ec-be44bce85a64 (16.2536ms), Data >>","module":"events","timestamp":"2026-07-15T00:04:37.082Z"}
{"level":"silly","message":{"data":[],"status":"ok"},"module":"events","timestamp":"2026-07-15T00:04:37.082Z"}
